<?xml version="1.0" encoding="UTF-8"?>
<testng-results skipped="0" failed="0" total="1" passed="1">
  <reporter-output>
  </reporter-output>
  <suite name="suite" duration-ms="10834" started-at="2016-12-26T09:09:36Z" finished-at="2016-12-26T09:09:47Z">
    <groups>
    </groups>
    <test name="test" duration-ms="10834" started-at="2016-12-26T09:09:36Z" finished-at="2016-12-26T09:09:47Z">
      <class name="delete.del">
        <test-method status="PASS" signature="test()[pri:0, instance:delete.del@1fbc7afb]" name="test" duration-ms="10813" started-at="2016-12-26T14:39:36Z" finished-at="2016-12-26T14:39:47Z">
          <reporter-output>
          </reporter-output>
        </test-method> <!-- test -->
      </class> <!-- delete.del -->
    </test> <!-- test -->
  </suite> <!-- suite -->
</testng-results>
